2025-04-25 17:15:10,292 - app.routes.document - INFO - Загрузка документа: My Document Title от пользователя 2
2025-04-25 17:15:10,320 - app.routes.document - ERROR - Ошибка при загрузке документа: 404: Пользователь не найден
2025-04-25 17:15:41,084 - app.routes.document - INFO - Загрузка документа: My Document Title от пользователя 2
2025-04-25 17:15:41,088 - app.routes.document - ERROR - Ошибка при загрузке документа: 404: Пользователь не найден
2025-04-25 17:16:26,254 - app.routes.document - INFO - Загрузка документа: My Document Title от пользователя 2
2025-04-25 17:16:26,271 - app.services.document - WARNING - Пользователь с ID 2 не найден
2025-04-25 17:16:26,271 - app.routes.document - ERROR - Ошибка при загрузке документа: 404: Пользователь не найден
2025-04-25 17:16:58,278 - app.routes.document - INFO - Загрузка документа: My Document Title от пользователя 2
2025-04-25 17:16:58,281 - app.services.document - WARNING - Пользователь с ID 2 не найден
2025-04-25 17:16:58,282 - app.routes.document - ERROR - Ошибка при загрузке документа: 404: Пользователь не найден
2025-04-25 17:19:18,744 - app.routes.document - INFO - Загрузка документа: My Document Title от пользователя 2
2025-04-25 17:19:18,749 - app.services.document - WARNING - Пользователь с ID 2 не найден
2025-04-25 17:19:18,749 - app.routes.document - ERROR - Ошибка при загрузке документа: 404: Пользователь не найден
2025-04-25 17:21:40,839 - app.routes.document - INFO - Загрузка документа: My Document Title от пользователя 2
2025-04-25 17:21:40,854 - app.services.document - WARNING - Пользователь с ID 2 не найден
2025-04-25 17:21:40,855 - app.routes.document - ERROR - Ошибка при загрузке документа: 404: Пользователь не найден
2025-04-25 17:22:27,117 - app.routes.document - INFO - Загрузка документа: My Document Title от пользователя 2
2025-04-25 17:22:27,120 - app.services.document - WARNING - Пользователь с ID 2 не найден
2025-04-25 17:22:27,121 - app.routes.document - ERROR - Ошибка при загрузке документа: 404: Пользователь не найден
2025-04-25 17:22:59,891 - app.routes.document - INFO - Загрузка документа: My Document Title от пользователя 2
2025-04-25 17:22:59,893 - app.services.document - WARNING - Пользователь с ID 2 не найден
2025-04-25 17:22:59,894 - app.routes.document - ERROR - Ошибка при загрузке документа: 404: Пользователь не найден
2025-04-25 17:26:41,519 - app.routes.document - INFO - Загрузка документа: My Document Title от пользователя 2
2025-04-25 17:26:41,530 - app.routes.document - ERROR - Ошибка при загрузке документа: Mapper 'Mapper[User(users)]' has no property 'registration_requests'.  If this property was indicated from other mappers or configure events, ensure registry.configure() has been called.
2025-04-25 17:27:19,361 - app.routes.document - INFO - Загрузка документа: My Document Title от пользователя 2
2025-04-25 17:27:19,386 - app.services.document - INFO - Пользователь с ID 2 не найден в базе данных документооборота. Создаем запись.
2025-04-25 17:27:19,397 - app.services.document - INFO - Сохранение файла заявление на освобождение от занятий НОВАЯ ФОРМА.pdf как c50362f318d04b768846e836a94b9d82.pdf
2025-04-25 17:27:19,400 - app.services.document - INFO - Создание записи документа в БД: My Document Title от пользователя 2
2025-04-25 17:30:28,535 - app.auth - WARNING - Ошибка получения данных из auth-сервиса: 401
2025-04-25 17:30:28,536 - app.auth - ERROR - Ошибка при локальной проверке токена: Signature verification failed.
2025-04-25 17:30:28,536 - app.auth - WARNING - Возвращаем демо-пользователя при ошибке аутентификации
2025-04-25 17:30:28,540 - app.main - ERROR - Validation error: [{'type': 'missing', 'loc': ('body', 'title'), 'msg': 'Field required', 'input': None}, {'type': 'missing', 'loc': ('body', 'content'), 'msg': 'Field required', 'input': None}, {'type': 'missing', 'loc': ('body', 'file'), 'msg': 'Field required', 'input': None}]
2025-04-25 17:36:01,874 - app.auth - WARNING - Ошибка получения данных из auth-сервиса: 401
2025-04-25 17:36:01,875 - app.auth - ERROR - Ошибка при локальной проверке токена: Signature verification failed.
2025-04-25 17:36:01,877 - app.auth - WARNING - Возвращаем демо-пользователя при ошибке аутентификации
2025-04-25 17:36:01,879 - app.routes.document - INFO - Загрузка документа: ууууу от пользователя 1
2025-04-25 17:36:01,883 - app.services.document - INFO - Пользователь с ID 1 не найден в базе данных документооборота. Создаем запись.
2025-04-25 17:36:01,892 - app.services.document - INFO - Сохранение файла заявление на освобождение от занятий НОВАЯ ФОРМА.pdf как b3d4ec6371c9442a9dc37f58b89395d3.pdf
2025-04-25 17:36:01,897 - app.services.document - INFO - Создание записи документа в БД: ууууу от пользователя 1
2025-04-25 17:55:43,402 - app.auth - WARNING - Ошибка получения данных из auth-сервиса: 401
2025-04-25 17:55:43,403 - app.auth - ERROR - Ошибка при локальной проверке токена: Signature verification failed.
2025-04-25 17:55:43,403 - app.auth - WARNING - Возвращаем демо-пользователя при ошибке аутентификации
2025-04-25 17:55:43,405 - app.routes.document - INFO - Загрузка документа: ттттттт от пользователя 1
2025-04-25 17:55:43,408 - app.services.document - INFO - Сохранение файла заявление на освобождение от занятий НОВАЯ ФОРМА.pdf как 38b6bbd5a3c04e4b92fe2fa8015f316d.pdf
2025-04-25 17:55:43,416 - app.services.document - INFO - Создание записи документа в БД: ттттттт от пользователя 1
